\BOOKMARK [0][-]{Doc-Start}{DECLARATION OF ORIGINALITY}{}% 1
\BOOKMARK [0][-]{Doc-Start}{ABSTRACT}{}% 2
\BOOKMARK [0][-]{Doc-Start}{DEDICATION}{}% 3
\BOOKMARK [0][-]{Doc-Start}{ACKNOWLEDGEMENTS}{}% 4
\BOOKMARK [0][-]{Doc-Start}{LIST OF FIGURES}{}% 5
\BOOKMARK [0][-]{Doc-Start}{LIST OF TABLES}{}% 6
\BOOKMARK [0][-]{chapter.1}{Introduction}{}% 7
\BOOKMARK [1][-]{section.1.1}{Overview}{chapter.1}% 8
\BOOKMARK [1][-]{section.1.2}{Motivation}{chapter.1}% 9
\BOOKMARK [1][-]{section.1.3}{Solution Outline}{chapter.1}% 10
\BOOKMARK [1][-]{section.1.4}{Thesis Organization}{chapter.1}% 11
\BOOKMARK [0][-]{chapter.2}{Review of Optical Fiber Networks}{}% 12
\BOOKMARK [1][-]{section.2.1}{Optical Components}{chapter.2}% 13
\BOOKMARK [1][-]{section.2.2}{Optical network components}{chapter.2}% 14
\BOOKMARK [2][-]{subsection.2.2.1}{Optical Multiplexer \(MUX\): }{section.2.2}% 15
\BOOKMARK [2][-]{subsection.2.2.2}{Optical Demultiplexer \(DEMUX\):}{section.2.2}% 16
\BOOKMARK [2][-]{subsection.2.2.3}{Optical add or drop multiplexer \(OADM\):}{section.2.2}% 17
\BOOKMARK [2][-]{subsection.2.2.4}{Optical cross connect switch \(OXC\):}{section.2.2}% 18
\BOOKMARK [1][-]{section.2.3}{Basic Concepts}{chapter.2}% 19
\BOOKMARK [2][-]{subsection.2.3.1}{Wavelength Division Multiplexing \(WDM\)}{section.2.3}% 20
\BOOKMARK [2][-]{subsection.2.3.2}{ Routing And Wavelength Assignment \(RWA\)}{section.2.3}% 21
\BOOKMARK [2][-]{subsection.2.3.3}{Traffic Models }{section.2.3}% 22
\BOOKMARK [1][-]{section.2.4}{Attacks And Attack Management }{chapter.2}% 23
\BOOKMARK [2][-]{subsection.2.4.1}{Attacks In Optical Networks}{section.2.4}% 24
\BOOKMARK [1][-]{section.2.5}{Attack Management Techniques}{chapter.2}% 25
\BOOKMARK [1][-]{section.2.6}{Literature Review}{chapter.2}% 26
\BOOKMARK [0][-]{chapter.3}{Proposed Formulation For Attack-Aware RWA}{}% 27
\BOOKMARK [1][-]{section.3.1}{Synopsis Of Proposed Model}{chapter.3}% 28
\BOOKMARK [1][-]{section.3.2}{Proposed ILP Formulation For Dynamic Attack-Aware RWA \(DAA-RWA\)}{chapter.3}% 29
\BOOKMARK [2][-]{subsection.3.2.1}{Notation:}{section.3.2}% 30
\BOOKMARK [2][-]{subsection.3.2.2}{Input parameters:}{section.3.2}% 31
\BOOKMARK [2][-]{subsection.3.2.3}{Variables:}{section.3.2}% 32
\BOOKMARK [1][-]{section.3.3}{ILP Formulation \(DAA-RWA\)}{chapter.3}% 33
\BOOKMARK [2][-]{subsection.3.3.1}{Objective function}{section.3.3}% 34
\BOOKMARK [1][-]{section.3.4}{Justification of ILP Constraints}{chapter.3}% 35
\BOOKMARK [1][-]{section.3.5}{An Illustrative Example}{chapter.3}% 36
\BOOKMARK [0][-]{chapter.4}{Experiments And Results}{}% 37
\BOOKMARK [1][-]{section.4.1}{Simulation Setup}{chapter.4}% 38
\BOOKMARK [1][-]{section.4.2}{Blocking probability vs. Demand size}{chapter.4}% 39
\BOOKMARK [1][-]{section.4.3}{Blocking probability vs. Channels}{chapter.4}% 40
\BOOKMARK [0][-]{chapter.5}{Conclusion and Future Work}{}% 41
\BOOKMARK [1][-]{section.5.1}{Conclusion}{chapter.5}% 42
\BOOKMARK [1][-]{section.5.2}{Future Work}{chapter.5}% 43
\BOOKMARK [0][-]{chapter*.28}{REFERENCES}{}% 44
\BOOKMARK [0][-]{chapter*.28}{VITA AUCTORIS}{}% 45
