This is pdfTeX, Version 3.14159265-2.6-1.40.16 (TeX Live 2015) (preloaded format=pdflatex 2015.5.24)  15 JAN 2018 17:42
entering extended mode
 restricted \write18 enabled.
 file:line:error style messages enabled.
 %&-line parsing enabled.
**vlsithesis.cls
(./vlsithesis.cls
LaTeX2e <2015/01/01>
Babel <3.9l> and hyphenation patterns for 79 languages loaded.

LaTeX Warning: You have requested package `',
               but the package provides `vlsithesis'.

Package: vlsithesis 2004/05/06 v0.34 - Till Kuendiger

./vlsithesis.cls:30: LaTeX Error: Command \@ already defined.
               Or name \end... illegal, see p.192 of the manual.

See the LaTeX manual or LaTeX Companion for explanation.
Type  H <return>  for immediate help.
 ...                                              
                                                  
l.30 \newcommand\@p
                   tsize{}
? 
./vlsithesis.cls:30: Emergency stop.
 ...                                              
                                                  
l.30 \newcommand\@p
                   tsize{}
Your command was ignored.
Type  I <command> <return>  to replace it with another command,
or  <return>  to continue without it.

 
Here is how much of TeX's memory you used:
 24 strings out of 493089
 538 string characters out of 6134842
 53199 words of memory out of 5000000
 3607 multiletter control sequences out of 15000+600000
 3640 words of font info for 14 fonts, out of 8000000 for 9000
 1141 hyphenation exceptions out of 8191
 7i,0n,8p,88b,14s stack positions out of 5000i,500n,10000p,200000b,80000s
./vlsithesis.cls:30:  ==> Fatal error occurred, no output PDF file produced!
